[2023-11-06 09:29:34] 
BIOS WMI Version = 2.89
Password = 6315
FunctionName = get
Item = VMD Controller

Get BIOS options success.
Offset : 21
Size : 1
end : 22
vmd controller: 0
[2023-11-06 09:30:05] 
BIOS WMI Version = 2.89
Password = 6315
FunctionName = get
Item = VMD Controller

Get BIOS options success.
Offset : 21
Size : 1
end : 22
vmd controller: 0
[2023-11-06 09:32:29] 
BIOS WMI Version = 2.89
Password = 6315
FunctionName = get
Item = VMD Controller

Get BIOS options success.
Offset : 21
Size : 1
end : 22
vmd controller: 0
[2023-11-06 09:34:00] 
BIOS WMI Version = 2.89
Password = 6315
FunctionName = get
Item = VMD Controller

Get BIOS options success.
Offset : 21
Size : 1
end : 22
vmd controller: 0
[2023-11-06 13:28:08] 
BIOS WMI Version = 2.89
Password = 6315
FunctionName = get
Item = VMD Controller

Get BIOS options success.
Offset : 21
Size : 1
end : 22
vmd controller: 0
[2023-11-06 13:29:06] 
BIOS WMI Version = 2.89
Password = 6315
FunctionName = get
Item = VMD Controller

Get BIOS options success.
Offset : 21
Size : 1
end : 22
vmd controller: 0
[2023-11-06 13:30:22] 
BIOS WMI Version = 2.89
Password = 6315
FunctionName = get
Item = VMD Controller

Get BIOS options success.
Offset : 21
Size : 1
end : 22
vmd controller: 0
[2023-11-06 13:33:18] 
BIOS WMI Version = 2.89
Password = 6315
FunctionName = get
Item = VMD Controller

Get BIOS options success.
Offset : 21
Size : 1
end : 22
vmd controller: 0
[2023-11-06 13:33:26] 
BIOS WMI Version = 2.89
Password = 6315
FunctionName = get
Item = VMD Controller

Get BIOS options success.
Offset : 21
Size : 1
end : 22
vmd controller: 0
[2023-11-06 13:33:34] 
BIOS WMI Version = 2.89
Password = 6315
FunctionName = get
Item = VMD Controller

Get BIOS options success.
Offset : 21
Size : 1
end : 22
vmd controller: 0
[2023-11-06 13:33:41] 
BIOS WMI Version = 2.89
Password = 6315
FunctionName = get
Item = VMD Controller

Get BIOS options success.
Offset : 21
Size : 1
end : 22
vmd controller: 0
[2023-11-06 16:00:55] 
BIOS WMI Version = 2.89
Password = 6315
FunctionName = get
Item = VMD Controller

Get BIOS options success.
Offset : 21
Size : 1
end : 22
vmd controller: 0
[2023-11-06 16:01:03] 
BIOS WMI Version = 2.89
Password = 6315
FunctionName = get
Item = VMD Controller

Get BIOS options success.
Offset : 21
Size : 1
end : 22
vmd controller: 0
[2023-11-06 16:01:10] 
BIOS WMI Version = 2.89
Password = 6315
FunctionName = get
Item = VMD Controller

Get BIOS options success.
Offset : 21
Size : 1
end : 22
vmd controller: 0
[2023-11-06 16:04:12] 
BIOS WMI Version = 2.89
Password = 6315
FunctionName = get
Item = VMD Controller

Get BIOS options success.
Offset : 21
Size : 1
end : 22
vmd controller: 0
[2023-11-06 16:47:04] 
BIOS WMI Version = 2.89
Password = 6315
FunctionName = get
Item = VMD Controller

Get BIOS options success.
Offset : 21
Size : 1
end : 22
vmd controller: 0
[2023-11-06 16:49:21] 
BIOS WMI Version = 2.89
Password = 6315
FunctionName = get
Item = VMD Controller

Get BIOS options success.
Offset : 21
Size : 1
end : 22
vmd controller: 0
[2023-11-06 16:54:05] 
BIOS WMI Version = 2.89
Password = 6315
FunctionName = get
Item = VMD Controller

Get BIOS options success.
Offset : 21
Size : 1
end : 22
vmd controller: 0
[2023-11-06 16:54:27] 
BIOS WMI Version = 2.89
Password = 6315
FunctionName = get
Item = VMD Controller

Get BIOS options success.
Offset : 21
Size : 1
end : 22
vmd controller: 0
[2023-11-06 16:55:11] 
BIOS WMI Version = 2.89
Password = 6315
FunctionName = get
Item = VMD Controller

Get BIOS options success.
Offset : 21
Size : 1
end : 22
vmd controller: 0
[2023-11-06 16:55:32] 
BIOS WMI Version = 2.89
Password = 6315
FunctionName = get
Item = VMD Controller

Get BIOS options success.
Offset : 21
Size : 1
end : 22
vmd controller: 0
[2023-11-06 16:59:35] 
BIOS WMI Version = 2.89
Password = 6315
FunctionName = get
Item = VMD Controller

Get BIOS options success.
Offset : 21
Size : 1
end : 22
vmd controller: 0
[2023-11-06 17:00:05] 
BIOS WMI Version = 2.89
Password = 6315
FunctionName = get
Item = VMD Controller

Get BIOS options success.
Offset : 21
Size : 1
end : 22
vmd controller: 0
[2023-11-06 17:02:48] 
BIOS WMI Version = 2.89
Password = 6315
FunctionName = get
Item = VMD Controller

Get BIOS options success.
Offset : 21
Size : 1
end : 22
vmd controller: 0
