[2023-11-03 14:37:01] remoteFile: TestItem_all.dll
[2023-11-03 14:37:01] File downloaded to c:\TestManager\Download\TestItem_all.dll
[2023-11-03 14:37:01] ======Download finished======
[2023-11-03 14:39:49] remoteFile: TestItem_all.dll
[2023-11-03 14:39:49] File downloaded to c:\TestManager\Download\TestItem_all.dll
[2023-11-03 14:39:49] ======Download finished======
[2023-11-03 14:40:14] remoteFile: TestItem_all.dll
[2023-11-03 14:40:14] File downloaded to c:\TestManager\Download\TestItem_all.dll
[2023-11-03 14:40:14] ======Download finished======
[2023-11-03 14:42:51] remoteFile: TestItem_all.dll
[2023-11-03 14:42:51] File downloaded to c:\TestManager\Download\TestItem_all.dll
[2023-11-03 14:42:51] ======Download finished======
[2023-11-03 15:10:50] remoteFile: TestItem_all.dll
[2023-11-03 15:10:50] File downloaded to c:\TestManager\Download\TestItem_all.dll
[2023-11-03 15:10:50] ======Download finished======
[2023-11-03 15:15:46] remoteFile: image_installation_application_default.dll image_installation_driver_default.dll
[2023-11-03 15:15:46] File downloaded to c:\TestManager\Download\image_installation_application_default.dll
[2023-11-03 15:15:46] File downloaded to c:\TestManager\Download\image_installation_driver_default.dll
[2023-11-03 15:15:46] ======Download finished======
[2023-11-03 15:28:59] remoteFile: TestItem_all.dll
[2023-11-03 15:28:59] File downloaded to c:\TestManager\Download\TestItem_all.dll
[2023-11-03 15:28:59] ======Download finished======
[2023-11-03 15:35:21] remoteFile: TestItem_all.dll
[2023-11-03 15:35:21] File downloaded to c:\TestManager\Download\TestItem_all.dll
[2023-11-03 15:35:21] ======Download finished======
[2023-11-03 15:37:15] remoteFile: TestItem_all.dll
[2023-11-03 15:37:15] File downloaded to c:\TestManager\Download\TestItem_all.dll
[2023-11-03 15:37:15] ======Download finished======
[2023-11-03 15:50:51] remoteFile: TestItem_all.dll
[2023-11-03 15:50:51] File downloaded to c:\TestManager\Download\TestItem_all.dll
[2023-11-03 15:50:51] ======Download finished======
[2023-11-03 15:53:46] remoteFile: TestItem_all.dll
[2023-11-03 15:53:46] File downloaded to c:\TestManager\Download\TestItem_all.dll
[2023-11-03 15:53:46] ======Download finished======
[2023-11-03 16:00:10] remoteFile: TestItem_all.dll
[2023-11-03 16:00:10] File downloaded to c:\TestManager\Download\TestItem_all.dll
[2023-11-03 16:00:10] ======Download finished======
[2023-11-03 16:00:50] remoteFile: TestItem_all.dll
[2023-11-03 16:00:50] File downloaded to c:\TestManager\Download\TestItem_all.dll
[2023-11-03 16:00:50] ======Download finished======
[2023-11-03 16:07:31] remoteFile: TestItem_all.dll
[2023-11-03 16:07:31] File downloaded to c:\TestManager\Download\TestItem_all.dll
[2023-11-03 16:07:31] ======Download finished======
[2023-11-03 16:10:07] remoteFile: TestItem_all.dll
[2023-11-03 16:10:07] File downloaded to c:\TestManager\Download\TestItem_all.dll
[2023-11-03 16:10:07] ======Download finished======
[2023-11-03 16:11:31] remoteFile: TestItem_all.dll
[2023-11-03 16:11:31] File downloaded to c:\TestManager\Download\TestItem_all.dll
[2023-11-03 16:11:31] ======Download finished======
[2023-11-03 16:14:31] remoteFile: TestItem_all.dll
[2023-11-03 16:14:31] File downloaded to c:\TestManager\Download\TestItem_all.dll
[2023-11-03 16:14:31] ======Download finished======
[2023-11-03 16:15:26] remoteFile: TestItem_all.dll
[2023-11-03 16:15:26] File downloaded to c:\TestManager\Download\TestItem_all.dll
[2023-11-03 16:15:26] ======Download finished======
[2023-11-03 16:18:50] remoteFile: TestItem_all.dll
[2023-11-03 16:18:50] File downloaded to c:\TestManager\Download\TestItem_all.dll
[2023-11-03 16:18:50] ======Download finished======
[2023-11-03 16:20:22] remoteFile: TestItem_all.dll
[2023-11-03 16:20:22] File downloaded to c:\TestManager\Download\TestItem_all.dll
[2023-11-03 16:20:22] ======Download finished======
[2023-11-03 16:22:53] remoteFile: TestItem_all.dll
[2023-11-03 16:22:53] File downloaded to c:\TestManager\Download\TestItem_all.dll
[2023-11-03 16:22:53] ======Download finished======
[2023-11-03 16:23:48] remoteFile: TestItem_all.dll
[2023-11-03 16:23:48] File downloaded to c:\TestManager\Download\TestItem_all.dll
[2023-11-03 16:23:48] ======Download finished======
[2023-11-03 16:27:23] remoteFile: TestItem_all.dll
[2023-11-03 16:27:24] File downloaded to c:\TestManager\Download\TestItem_all.dll
[2023-11-03 16:27:24] ======Download finished======
