[2023-11-06 16:04:12] <RunTestItem.log> upload to c:\TestManager\ResultUpload\
[2023-11-06 16:04:12] <Test3.log> upload to c:\TestManager\ResultUpload\
[2023-11-06 16:04:12] <TestItem1.log> upload to c:\TestManager\ResultUpload\
[2023-11-06 16:04:12] <TestItem2.log> upload to c:\TestManager\ResultUpload\
[2023-11-06 16:04:12] <Test_Collection.log> upload to c:\TestManager\ResultUpload\
[2023-11-06 16:04:12] <xxx.log> upload to c:\TestManager\ResultUpload\
[2023-11-06 16:04:12] <xxxxx.log> upload to c:\TestManager\ResultUpload\
[2023-11-06 16:04:12] <yyy.log> upload to c:\TestManager\ResultUpload\
[2023-11-06 16:04:12] ======Upload finished======
[2023-11-06 16:47:04] <RunTestItem.log> upload to c:\TestManager\ResultUpload\
[2023-11-06 16:47:04] <Test3.log> upload to c:\TestManager\ResultUpload\
[2023-11-06 16:47:04] <TestItem1.log> upload to c:\TestManager\ResultUpload\
[2023-11-06 16:47:04] <TestItem2.log> upload to c:\TestManager\ResultUpload\
[2023-11-06 16:47:04] <Test_Collection.log> upload to c:\TestManager\ResultUpload\
[2023-11-06 16:47:04] <xxx.log> upload to c:\TestManager\ResultUpload\
[2023-11-06 16:47:04] <xxxxx.log> upload to c:\TestManager\ResultUpload\
[2023-11-06 16:47:04] <yyy.log> upload to c:\TestManager\ResultUpload\
[2023-11-06 16:47:04] ======Upload finished======
[2023-11-06 16:49:21] <RunTestItem.log> upload to c:\TestManager\ResultUpload\
[2023-11-06 16:49:21] <Test3.log> upload to c:\TestManager\ResultUpload\
[2023-11-06 16:49:21] <TestItem1.log> upload to c:\TestManager\ResultUpload\
[2023-11-06 16:49:21] <TestItem2.log> upload to c:\TestManager\ResultUpload\
[2023-11-06 16:49:21] <Test_Collection.log> upload to c:\TestManager\ResultUpload\
[2023-11-06 16:49:21] <xxx.log> upload to c:\TestManager\ResultUpload\
[2023-11-06 16:49:21] <xxxxx.log> upload to c:\TestManager\ResultUpload\
[2023-11-06 16:49:21] <yyy.log> upload to c:\TestManager\ResultUpload\
[2023-11-06 16:49:21] ======Upload finished======
[2023-11-06 16:54:05] <RunTestItem.log> upload to c:\TestManager\ResultUpload\
[2023-11-06 16:54:05] <Test3.log> upload to c:\TestManager\ResultUpload\
[2023-11-06 16:54:05] <TestItem1.log> upload to c:\TestManager\ResultUpload\
[2023-11-06 16:54:05] <TestItem2.log> upload to c:\TestManager\ResultUpload\
[2023-11-06 16:54:05] <Test_Collection.log> upload to c:\TestManager\ResultUpload\
[2023-11-06 16:54:05] <xxx.log> upload to c:\TestManager\ResultUpload\
[2023-11-06 16:54:05] <xxxxx.log> upload to c:\TestManager\ResultUpload\
[2023-11-06 16:54:05] <yyy.log> upload to c:\TestManager\ResultUpload\
[2023-11-06 16:54:05] ======Upload finished======
[2023-11-06 16:54:27] <RunTestItem.log> upload to c:\TestManager\ResultUpload\
[2023-11-06 16:54:27] <Test3.log> upload to c:\TestManager\ResultUpload\
[2023-11-06 16:54:27] <TestItem1.log> upload to c:\TestManager\ResultUpload\
[2023-11-06 16:54:27] <TestItem2.log> upload to c:\TestManager\ResultUpload\
[2023-11-06 16:54:27] <Test_Collection.log> upload to c:\TestManager\ResultUpload\
[2023-11-06 16:54:27] <xxx.log> upload to c:\TestManager\ResultUpload\
[2023-11-06 16:54:27] <xxxxx.log> upload to c:\TestManager\ResultUpload\
[2023-11-06 16:54:27] <yyy.log> upload to c:\TestManager\ResultUpload\
[2023-11-06 16:54:27] ======Upload finished======
[2023-11-06 16:55:11] <RunTestItem.log> upload to c:\TestManager\ResultUpload\
[2023-11-06 16:55:11] <Test3.log> upload to c:\TestManager\ResultUpload\
[2023-11-06 16:55:11] <TestItem1.log> upload to c:\TestManager\ResultUpload\
[2023-11-06 16:55:11] <TestItem2.log> upload to c:\TestManager\ResultUpload\
[2023-11-06 16:55:11] <Test_Collection.log> upload to c:\TestManager\ResultUpload\
[2023-11-06 16:55:11] <xxx.log> upload to c:\TestManager\ResultUpload\
[2023-11-06 16:55:11] <xxxxx.log> upload to c:\TestManager\ResultUpload\
[2023-11-06 16:55:11] <yyy.log> upload to c:\TestManager\ResultUpload\
[2023-11-06 16:55:11] ======Upload finished======
[2023-11-06 16:55:32] <RunTestItem.log> upload to c:\TestManager\ResultUpload\
[2023-11-06 16:55:32] <Test3.log> upload to c:\TestManager\ResultUpload\
[2023-11-06 16:55:32] <TestItem1.log> upload to c:\TestManager\ResultUpload\
[2023-11-06 16:55:32] <TestItem2.log> upload to c:\TestManager\ResultUpload\
[2023-11-06 16:55:32] <Test_Collection.log> upload to c:\TestManager\ResultUpload\
[2023-11-06 16:55:32] <xxx.log> upload to c:\TestManager\ResultUpload\
[2023-11-06 16:55:32] <xxxxx.log> upload to c:\TestManager\ResultUpload\
[2023-11-06 16:55:32] <yyy.log> upload to c:\TestManager\ResultUpload\
[2023-11-06 16:55:32] ======Upload finished======
[2023-11-06 16:59:36] <RunTestItem.log> upload to c:\TestManager\ResultUpload\
[2023-11-06 16:59:36] <Test3.log> upload to c:\TestManager\ResultUpload\
[2023-11-06 16:59:36] <TestItem1.log> upload to c:\TestManager\ResultUpload\
[2023-11-06 16:59:36] <TestItem2.log> upload to c:\TestManager\ResultUpload\
[2023-11-06 16:59:36] <Test_Collection.log> upload to c:\TestManager\ResultUpload\
[2023-11-06 16:59:36] <xxx.log> upload to c:\TestManager\ResultUpload\
[2023-11-06 16:59:36] <xxxxx.log> upload to c:\TestManager\ResultUpload\
[2023-11-06 16:59:36] <yyy.log> upload to c:\TestManager\ResultUpload\
[2023-11-06 16:59:36] ======Upload finished======
[2023-11-06 17:00:05] <RunTestItem.log> upload to c:\TestManager\ResultUpload\
[2023-11-06 17:00:05] <Test3.log> upload to c:\TestManager\ResultUpload\
[2023-11-06 17:00:05] <TestItem1.log> upload to c:\TestManager\ResultUpload\
[2023-11-06 17:00:05] <TestItem2.log> upload to c:\TestManager\ResultUpload\
[2023-11-06 17:00:05] <Test_Collection.log> upload to c:\TestManager\ResultUpload\
[2023-11-06 17:00:05] <xxx.log> upload to c:\TestManager\ResultUpload\
[2023-11-06 17:00:05] <xxxxx.log> upload to c:\TestManager\ResultUpload\
[2023-11-06 17:00:06] <yyy.log> upload to c:\TestManager\ResultUpload\
[2023-11-06 17:00:06] ======Upload finished======
[2023-11-06 17:02:48] <RunTestItem.log> upload to c:\TestManager\ResultUpload\
[2023-11-06 17:02:48] <Test3.log> upload to c:\TestManager\ResultUpload\
[2023-11-06 17:02:48] <TestItem1.log> upload to c:\TestManager\ResultUpload\
[2023-11-06 17:02:48] <TestItem2.log> upload to c:\TestManager\ResultUpload\
[2023-11-06 17:02:48] <Test_Collection.log> upload to c:\TestManager\ResultUpload\
[2023-11-06 17:02:48] <xxx.log> upload to c:\TestManager\ResultUpload\
[2023-11-06 17:02:48] <xxxxx.log> upload to c:\TestManager\ResultUpload\
[2023-11-06 17:02:48] <yyy.log> upload to c:\TestManager\ResultUpload\
[2023-11-06 17:02:48] ======Upload finished======
