[2023-11-03 09:38:22] 
BIOS WMI Version = 2.89
Password = 6315
FunctionName = get
Item = VMD Controller

Get BIOS options success.
Offset : 21
Size : 1
end : 22
vmd controller: 0
[2023-11-03 09:41:29] 
BIOS WMI Version = 2.89
Password = 6315
FunctionName = get
Item = VMD Controller

Get BIOS options success.
Offset : 21
Size : 1
end : 22
vmd controller: 0
[2023-11-03 09:42:11] 
BIOS WMI Version = 2.89
Password = 6315
FunctionName = get
Item = VMD Controller

Get BIOS options success.
Offset : 21
Size : 1
end : 22
vmd controller: 0
[2023-11-03 09:48:35] 
BIOS WMI Version = 2.89
Password = 6315
FunctionName = get
Item = VMD Controller

Get BIOS options success.
Offset : 21
Size : 1
end : 22
vmd controller: 0
[2023-11-03 11:20:57] 
BIOS WMI Version = 2.89
Password = 6315
FunctionName = get
Item = VMD Controller

Get BIOS options success.
Offset : 21
Size : 1
end : 22
vmd controller: 0
[2023-11-03 11:21:45] 
BIOS WMI Version = 2.89
Password = 6315
FunctionName = get
Item = VMD Controller

Get BIOS options success.
Offset : 21
Size : 1
end : 22
vmd controller: 0
[2023-11-03 11:23:04] 
BIOS WMI Version = 2.89
Password = 6315
FunctionName = get
Item = VMD Controller

Get BIOS options success.
Offset : 21
Size : 1
end : 22
vmd controller: 0
[2023-11-03 11:25:08] 
BIOS WMI Version = 2.89
Password = 6315
FunctionName = get
Item = VMD Controller

Get BIOS options success.
Offset : 21
Size : 1
end : 22
vmd controller: 0
[2023-11-03 11:27:58] 
BIOS WMI Version = 2.89
Password = 6315
FunctionName = get
Item = VMD Controller

Get BIOS options success.
Offset : 21
Size : 1
end : 22
vmd controller: 0
[2023-11-03 11:29:46] 
BIOS WMI Version = 2.89
Password = 6315
FunctionName = get
Item = VMD Controller

Get BIOS options success.
Offset : 21
Size : 1
end : 22
vmd controller: 0
[2023-11-03 11:31:05] 
BIOS WMI Version = 2.89
Password = 6315
FunctionName = get
Item = VMD Controller

Get BIOS options success.
Offset : 21
Size : 1
end : 22
vmd controller: 0
[2023-11-03 11:35:06] 
BIOS WMI Version = 2.89
Password = 6315
FunctionName = get
Item = VMD Controller

Get BIOS options success.
Offset : 21
Size : 1
end : 22
vmd controller: 0
[2023-11-03 11:36:51] 
BIOS WMI Version = 2.89
Password = 6315
FunctionName = get
Item = VMD Controller

Get BIOS options success.
Offset : 21
Size : 1
end : 22
vmd controller: 0
